This is pdfTeX, Version 3.1415926-2.5-1.40.14 (MiKTeX 2.9 64-bit) (preloaded format=pdflatex 2014.11.12)  30 SEP 2015 11:37
entering extended mode
**survey.tex
(D:\egPublStyle-EuroVis2014\survey.tex
LaTeX2e <2011/06/27>
Babel <v3.8m> and hyphenation patterns for english, afrikaans, ancientgreek, ar
abic, armenian, assamese, basque, bengali, bokmal, bulgarian, catalan, coptic, 
croatian, czech, danish, dutch, esperanto, estonian, farsi, finnish, french, ga
lician, german, german-x-2013-05-26, greek, gujarati, hindi, hungarian, iceland
ic, indonesian, interlingua, irish, italian, kannada, kurmanji, latin, latvian,
 lithuanian, malayalam, marathi, mongolian, mongolianlmc, monogreek, ngerman, n
german-x-2013-05-26, nynorsk, oriya, panjabi, pinyin, polish, portuguese, roman
ian, russian, sanskrit, serbian, slovak, slovenian, spanish, swedish, swissgerm
an, tamil, telugu, turkish, turkmen, ukenglish, ukrainian, uppersorbian, usengl
ishmax, welsh, loaded.
(D:\egPublStyle-EuroVis2014\egpubl.cls
Document Class: egpubl 2013/07/17 Document Style for EG Publications v3.56
\c@table=\count79
\c@figure=\count80
\c@part=\count81
\c@section=\count82
\c@subsection=\count83
\c@subsubsection=\count84
\c@paragraph=\count85
\c@subparagraph=\count86
\titlespace=\skip41
\teaserspace=\skip42
\c@p@volume=\count87
\bibhang=\skip43
\every@verbatim=\toks14
\verbatim@line=\toks15
("C:\Program Files\MiKTeX 2.9\tex\generic\oberdiek\ifpdf.sty"
Package: ifpdf 2011/01/30 v2.3 Provides the ifpdf switch (HO)
Package ifpdf Info: pdfTeX in PDF mode is detected.
)
(D:\egPublStyle-EuroVis2014\survey.lbl))
(D:\egPublStyle-EuroVis2014\eurovis2014.sty)
("C:\Program Files\MiKTeX 2.9\tex\latex\graphics\graphicx.sty"
Package: graphicx 1999/02/16 v1.0f Enhanced LaTeX Graphics (DPC,SPQR)

("C:\Program Files\MiKTeX 2.9\tex\latex\graphics\keyval.sty"
Package: keyval 1999/03/16 v1.13 key=value parser (DPC)
\KV@toks@=\toks16
)
("C:\Program Files\MiKTeX 2.9\tex\latex\graphics\graphics.sty"
Package: graphics 2009/02/05 v1.0o Standard LaTeX Graphics (DPC,SPQR)

("C:\Program Files\MiKTeX 2.9\tex\latex\graphics\trig.sty"
Package: trig 1999/03/16 v1.09 sin cos tan (DPC)
)
("C:\Program Files\MiKTeX 2.9\tex\latex\00miktex\graphics.cfg"
File: graphics.cfg 2007/01/18 v1.5 graphics configuration of teTeX/TeXLive
)
Package graphics Info: Driver file: pdftex.def on input line 91.

("C:\Program Files\MiKTeX 2.9\tex\latex\pdftex-def\pdftex.def"
File: pdftex.def 2011/05/27 v0.06d Graphics/color for pdfTeX

("C:\Program Files\MiKTeX 2.9\tex\generic\oberdiek\infwarerr.sty"
Package: infwarerr 2010/04/08 v1.3 Providing info/warning/error messages (HO)
)
("C:\Program Files\MiKTeX 2.9\tex\generic\oberdiek\ltxcmds.sty"
Package: ltxcmds 2011/11/09 v1.22 LaTeX kernel commands for general use (HO)
)
\Gread@gobject=\count88
))
\Gin@req@height=\dimen102
\Gin@req@width=\dimen103
)
("C:\Program Files\MiKTeX 2.9\tex\latex\hyperref\hyperref.sty"
Package: hyperref 2012/11/06 v6.83m Hypertext links for LaTeX

("C:\Program Files\MiKTeX 2.9\tex\generic\oberdiek\hobsub-hyperref.sty"
Package: hobsub-hyperref 2012/04/25 v1.12 Bundle oberdiek, subset hyperref (HO)


("C:\Program Files\MiKTeX 2.9\tex\generic\oberdiek\hobsub-generic.sty"
Package: hobsub-generic 2012/04/25 v1.12 Bundle oberdiek, subset generic (HO)
Package: hobsub 2012/04/25 v1.12 Construct package bundles (HO)
Package hobsub Info: Skipping package `infwarerr' (already loaded).
Package hobsub Info: Skipping package `ltxcmds' (already loaded).
Package: ifluatex 2010/03/01 v1.3 Provides the ifluatex switch (HO)
Package ifluatex Info: LuaTeX not detected.
Package: ifvtex 2010/03/01 v1.5 Detect VTeX and its facilities (HO)
Package ifvtex Info: VTeX not detected.
Package: intcalc 2007/09/27 v1.1 Expandable calculations with integers (HO)
Package hobsub Info: Skipping package `ifpdf' (already loaded).
Package: etexcmds 2011/02/16 v1.5 Avoid name clashes with e-TeX commands (HO)
Package etexcmds Info: Could not find \expanded.
(etexcmds)             That can mean that you are not using pdfTeX 1.50 or
(etexcmds)             that some package has redefined \expanded.
(etexcmds)             In the latter case, load this package earlier.
Package: kvsetkeys 2012/04/25 v1.16 Key value parser (HO)
Package: kvdefinekeys 2011/04/07 v1.3 Define keys (HO)
Package: pdftexcmds 2011/11/29 v0.20 Utility functions of pdfTeX for LuaTeX (HO
)
Package pdftexcmds Info: LuaTeX not detected.
Package pdftexcmds Info: \pdf@primitive is available.
Package pdftexcmds Info: \pdf@ifprimitive is available.
Package pdftexcmds Info: \pdfdraftmode found.
Package: pdfescape 2011/11/25 v1.13 Implements pdfTeX's escape features (HO)
Package: bigintcalc 2012/04/08 v1.3 Expandable calculations on big integers (HO
)
Package: bitset 2011/01/30 v1.1 Handle bit-vector datatype (HO)
Package: uniquecounter 2011/01/30 v1.2 Provide unlimited unique counter (HO)
)
Package hobsub Info: Skipping package `hobsub' (already loaded).
Package: letltxmacro 2010/09/02 v1.4 Let assignment for LaTeX macros (HO)
Package: hopatch 2011/06/24 v1.1 Wrapper for package hooks (HO)
Package: xcolor-patch 2011/01/30 xcolor patch
Package: atveryend 2011/06/30 v1.8 Hooks at the very end of document (HO)
Package atveryend Info: \enddocument detected (standard20110627).
Package: atbegshi 2011/10/05 v1.16 At begin shipout hook (HO)
Package: refcount 2011/10/16 v3.4 Data extraction from label references (HO)
Package: hycolor 2011/01/30 v1.7 Color options for hyperref/bookmark (HO)
)
("C:\Program Files\MiKTeX 2.9\tex\generic\ifxetex\ifxetex.sty"
Package: ifxetex 2010/09/12 v0.6 Provides ifxetex conditional
)
("C:\Program Files\MiKTeX 2.9\tex\latex\oberdiek\auxhook.sty"
Package: auxhook 2011/03/04 v1.3 Hooks for auxiliary files (HO)
)
("C:\Program Files\MiKTeX 2.9\tex\latex\oberdiek\kvoptions.sty"
Package: kvoptions 2011/06/30 v3.11 Key value format for package options (HO)
)
\@linkdim=\dimen104
\Hy@linkcounter=\count89
\Hy@pagecounter=\count90

("C:\Program Files\MiKTeX 2.9\tex\latex\hyperref\pd1enc.def"
File: pd1enc.def 2012/11/06 v6.83m Hyperref: PDFDocEncoding definition (HO)
)
\Hy@SavedSpaceFactor=\count91

("C:\Program Files\MiKTeX 2.9\tex\latex\00miktex\hyperref.cfg"
File: hyperref.cfg 2002/06/06 v1.2 hyperref configuration of TeXLive
)
Package hyperref Info: Option `colorlinks' set `true' on input line 4319.
Package hyperref Info: Option `bookmarks' set `false' on input line 4319.
Package hyperref Info: Hyper figures OFF on input line 4443.
Package hyperref Info: Link nesting OFF on input line 4448.
Package hyperref Info: Hyper index ON on input line 4451.
Package hyperref Info: Plain pages OFF on input line 4458.
Package hyperref Info: Backreferencing ON on input line 4461.
Package hyperref Info: Implicit mode ON; LaTeX internals redefined.
Package hyperref Info: Bookmarks OFF on input line 4694.

("C:\Program Files\MiKTeX 2.9\tex\latex\hyperref\backref.sty"
Package: backref 2012/07/25 v1.38 Bibliographical back referencing

("C:\Program Files\MiKTeX 2.9\tex\latex\oberdiek\rerunfilecheck.sty"
Package: rerunfilecheck 2011/04/15 v1.7 Rerun checks for auxiliary files (HO)
Package uniquecounter Info: New unique counter `rerunfilecheck' on input line 2
82.
))
\c@Hy@tempcnt=\count92

("C:\Program Files\MiKTeX 2.9\tex\latex\url\url.sty"
\Urlmuskip=\muskip10
Package: url 2013/09/16  ver 3.4  Verb mode for urls, etc.
)
LaTeX Info: Redefining \url on input line 5041.
\XeTeXLinkMargin=\dimen105
\Fld@menulength=\count93
\Field@Width=\dimen106
\Fld@charsize=\dimen107
Package hyperref Info: Hyper figures OFF on input line 6295.
Package hyperref Info: Link nesting OFF on input line 6300.
Package hyperref Info: Hyper index ON on input line 6303.
Package hyperref Info: backreferencing ON on input line 6308.
Package hyperref Info: Link coloring ON on input line 6313.
Package hyperref Info: Link coloring with OCG OFF on input line 6320.
Package hyperref Info: PDF/A mode OFF on input line 6325.
LaTeX Info: Redefining \ref on input line 6365.
LaTeX Info: Redefining \pageref on input line 6369.
\Hy@abspage=\count94
\c@Item=\count95
\c@Hfootnote=\count96
)

Package hyperref Message: Driver: hpdftex.

("C:\Program Files\MiKTeX 2.9\tex\latex\hyperref\hpdftex.def"
File: hpdftex.def 2012/11/06 v6.83m Hyperref driver for pdfTeX
\Fld@listcount=\count97
\c@bookmark@seq@number=\count98
\Hy@SectionHShift=\skip44
)
("C:\Program Files\MiKTeX 2.9\tex\latex\base\t1enc.sty"
Package: t1enc 1994/06/01 Standard LaTeX package
)
(D:\egPublStyle-EuroVis2014\dfadobe.sty
Package: dfadobe 2000/03/05 v1.4 T1-encoded Times (except symbols), Courier, He
lvetica (at 90\%) + math package
LaTeX Font Info:    Redeclaring symbol font `operators' on input line 14.
LaTeX Font Info:    Overwriting symbol font `operators' in version `normal'
(Font)                  OT1/cmr/m/n --> OT1/ptmcm/m/n on input line 14.
LaTeX Font Info:    Overwriting symbol font `operators' in version `bold'
(Font)                  OT1/cmr/bx/n --> OT1/ptmcm/m/n on input line 14.
LaTeX Font Info:    Redeclaring symbol font `letters' on input line 15.
LaTeX Font Info:    Overwriting symbol font `letters' in version `normal'
(Font)                  OML/cmm/m/it --> OML/ptmcm/m/it on input line 15.
LaTeX Font Info:    Overwriting symbol font `letters' in version `bold'
(Font)                  OML/cmm/b/it --> OML/ptmcm/m/it on input line 15.
LaTeX Font Info:    Redeclaring symbol font `largesymbols' on input line 16.
LaTeX Font Info:    Overwriting symbol font `largesymbols' in version `normal'
(Font)                  OMX/cmex/m/n --> OMX/psycm/m/n on input line 16.
LaTeX Font Info:    Overwriting symbol font `largesymbols' in version `bold'
(Font)                  OMX/cmex/m/n --> OMX/psycm/m/n on input line 16.
\symbold=\mathgroup4
\symitalic=\mathgroup5
LaTeX Font Info:    Redeclaring math alphabet \mathbf on input line 19.
LaTeX Font Info:    Overwriting math alphabet `\mathbf' in version `normal'
(Font)                  OT1/cmr/bx/n --> OT1/ptm/bx/n on input line 19.
LaTeX Font Info:    Overwriting math alphabet `\mathbf' in version `bold'
(Font)                  OT1/cmr/bx/n --> OT1/ptm/bx/n on input line 19.
LaTeX Font Info:    Redeclaring math alphabet \mathit on input line 20.
LaTeX Font Info:    Overwriting math alphabet `\mathit' in version `normal'
(Font)                  OT1/cmr/m/it --> OT1/ptm/m/it on input line 20.
LaTeX Font Info:    Overwriting math alphabet `\mathit' in version `bold'
(Font)                  OT1/cmr/bx/it --> OT1/ptm/m/it on input line 20.
 (D:\egPublStyle-EuroVis2014\dfT1ptm.fd
File: dfT1ptm.fd 2000/03/05 DF - Fontinst v1.6 font definitions for T1/ptm.
) (D:\egPublStyle-EuroVis2014\dfT1phv.fd
File: dfT1phv.fd 1997/12/02 Fontinst v1.6 font definitions for T1/phv scaled to
 90\%.
) (D:\egPublStyle-EuroVis2014\dfT1pcr.fd
File: dfT1pcr.fd 2000/03/05 DF - Fontinst v1.6 font definitions for T1/pcr.
)) (D:\egPublStyle-EuroVis2014\egweblnk.sty
Package: egweblnk 2004/10/29 v2.2 DF's support for http web links in class egpu
bl
)
("C:\Program Files\MiKTeX 2.9\tex\latex\cite\cite.sty"
LaTeX Info: Redefining \cite on input line 302.
LaTeX Info: Redefining \nocite on input line 373.
Package: cite 2010/09/10  v 5.3
)
("C:\Program Files\MiKTeX 2.9\tex\latex\pgf\frontendlayer\tikz.sty"
("C:\Program Files\MiKTeX 2.9\tex\latex\pgf\basiclayer\pgf.sty"
("C:\Program Files\MiKTeX 2.9\tex\latex\pgf\utilities\pgfrcs.sty"
("C:\Program Files\MiKTeX 2.9\tex\generic\pgf\utilities\pgfutil-common.tex"
\pgfutil@everybye=\toks17
)
("C:\Program Files\MiKTeX 2.9\tex\generic\pgf\utilities\pgfutil-latex.def"
\pgfutil@abb=\box26

("C:\Program Files\MiKTeX 2.9\tex\latex\ms\everyshi.sty"
Package: everyshi 2001/05/15 v3.00 EveryShipout Package (MS)
))
("C:\Program Files\MiKTeX 2.9\tex\generic\pgf\utilities\pgfrcs.code.tex"
Package: pgfrcs 2010/10/25 v2.10 (rcs-revision 1.24)
))
Package: pgf 2008/01/15 v2.10 (rcs-revision 1.12)

("C:\Program Files\MiKTeX 2.9\tex\latex\pgf\basiclayer\pgfcore.sty"
("C:\Program Files\MiKTeX 2.9\tex\latex\pgf\systemlayer\pgfsys.sty"
("C:\Program Files\MiKTeX 2.9\tex\generic\pgf\systemlayer\pgfsys.code.tex"
Package: pgfsys 2010/06/30 v2.10 (rcs-revision 1.37)

("C:\Program Files\MiKTeX 2.9\tex\generic\pgf\utilities\pgfkeys.code.tex"
\pgfkeys@pathtoks=\toks18
\pgfkeys@temptoks=\toks19

("C:\Program Files\MiKTeX 2.9\tex\generic\pgf\utilities\pgfkeysfiltered.code.te
x"
\pgfkeys@tmptoks=\toks20
))
\pgf@x=\dimen108
\pgf@y=\dimen109
\pgf@xa=\dimen110
\pgf@ya=\dimen111
\pgf@xb=\dimen112
\pgf@yb=\dimen113
\pgf@xc=\dimen114
\pgf@yc=\dimen115
\w@pgf@writea=\write3
\r@pgf@reada=\read1
\c@pgf@counta=\count99
\c@pgf@countb=\count100
\c@pgf@countc=\count101
\c@pgf@countd=\count102
 ("C:\Program Files\MiKTeX 2.9\tex\generic\pgf\systemlayer\pgf.cfg"
File: pgf.cfg 2008/05/14  (rcs-revision 1.7)
)
Package pgfsys Info: Driver file for pgf: pgfsys-pdftex.def on input line 900.

("C:\Program Files\MiKTeX 2.9\tex\generic\pgf\systemlayer\pgfsys-pdftex.def"
File: pgfsys-pdftex.def 2009/05/22  (rcs-revision 1.26)

("C:\Program Files\MiKTeX 2.9\tex\generic\pgf\systemlayer\pgfsys-common-pdf.def
"
File: pgfsys-common-pdf.def 2008/05/19  (rcs-revision 1.10)
)))
("C:\Program Files\MiKTeX 2.9\tex\generic\pgf\systemlayer\pgfsyssoftpath.code.t
ex"
File: pgfsyssoftpath.code.tex 2008/07/18  (rcs-revision 1.7)
\pgfsyssoftpath@smallbuffer@items=\count103
\pgfsyssoftpath@bigbuffer@items=\count104
)
("C:\Program Files\MiKTeX 2.9\tex\generic\pgf\systemlayer\pgfsysprotocol.code.t
ex"
File: pgfsysprotocol.code.tex 2006/10/16  (rcs-revision 1.4)
)) ("C:\Program Files\MiKTeX 2.9\tex\latex\xcolor\xcolor.sty"
Package: xcolor 2007/01/21 v2.11 LaTeX color extensions (UK)

("C:\Program Files\MiKTeX 2.9\tex\latex\00miktex\color.cfg"
File: color.cfg 2007/01/18 v1.5 color configuration of teTeX/TeXLive
)
Package xcolor Info: Driver file: pdftex.def on input line 225.
Package xcolor Info: Model `cmy' substituted by `cmy0' on input line 1337.
Package xcolor Info: Model `hsb' substituted by `rgb' on input line 1341.
Package xcolor Info: Model `RGB' extended on input line 1353.
Package xcolor Info: Model `HTML' substituted by `rgb' on input line 1355.
Package xcolor Info: Model `Hsb' substituted by `hsb' on input line 1356.
Package xcolor Info: Model `tHsb' substituted by `hsb' on input line 1357.
Package xcolor Info: Model `HSB' substituted by `hsb' on input line 1358.
Package xcolor Info: Model `Gray' substituted by `gray' on input line 1359.
Package xcolor Info: Model `wave' substituted by `hsb' on input line 1360.
)
("C:\Program Files\MiKTeX 2.9\tex\generic\pgf\basiclayer\pgfcore.code.tex"
Package: pgfcore 2010/04/11 v2.10 (rcs-revision 1.7)

("C:\Program Files\MiKTeX 2.9\tex\generic\pgf\math\pgfmath.code.tex"
("C:\Program Files\MiKTeX 2.9\tex\generic\pgf\math\pgfmathcalc.code.tex"
("C:\Program Files\MiKTeX 2.9\tex\generic\pgf\math\pgfmathutil.code.tex")
("C:\Program Files\MiKTeX 2.9\tex\generic\pgf\math\pgfmathparser.code.tex"
\pgfmath@dimen=\dimen116
\pgfmath@count=\count105
\pgfmath@box=\box27
\pgfmath@toks=\toks21
\pgfmath@stack@operand=\toks22
\pgfmath@stack@operation=\toks23
)
("C:\Program Files\MiKTeX 2.9\tex\generic\pgf\math\pgfmathfunctions.code.tex"
("C:\Program Files\MiKTeX 2.9\tex\generic\pgf\math\pgfmathfunctions.basic.code.
tex")
("C:\Program Files\MiKTeX 2.9\tex\generic\pgf\math\pgfmathfunctions.trigonometr
ic.code.tex")
("C:\Program Files\MiKTeX 2.9\tex\generic\pgf\math\pgfmathfunctions.random.code
.tex")
("C:\Program Files\MiKTeX 2.9\tex\generic\pgf\math\pgfmathfunctions.comparison.
code.tex")
("C:\Program Files\MiKTeX 2.9\tex\generic\pgf\math\pgfmathfunctions.base.code.t
ex")
("C:\Program Files\MiKTeX 2.9\tex\generic\pgf\math\pgfmathfunctions.round.code.
tex")
("C:\Program Files\MiKTeX 2.9\tex\generic\pgf\math\pgfmathfunctions.misc.code.t
ex"))) ("C:\Program Files\MiKTeX 2.9\tex\generic\pgf\math\pgfmathfloat.code.tex
"
\c@pgfmathroundto@lastzeros=\count106
))
("C:\Program Files\MiKTeX 2.9\tex\generic\pgf\basiclayer\pgfcorepoints.code.tex
"
File: pgfcorepoints.code.tex 2010/04/09  (rcs-revision 1.20)
\pgf@picminx=\dimen117
\pgf@picmaxx=\dimen118
\pgf@picminy=\dimen119
\pgf@picmaxy=\dimen120
\pgf@pathminx=\dimen121
\pgf@pathmaxx=\dimen122
\pgf@pathminy=\dimen123
\pgf@pathmaxy=\dimen124
\pgf@xx=\dimen125
\pgf@xy=\dimen126
\pgf@yx=\dimen127
\pgf@yy=\dimen128
\pgf@zx=\dimen129
\pgf@zy=\dimen130
)
("C:\Program Files\MiKTeX 2.9\tex\generic\pgf\basiclayer\pgfcorepathconstruct.c
ode.tex"
File: pgfcorepathconstruct.code.tex 2010/08/03  (rcs-revision 1.24)
\pgf@path@lastx=\dimen131
\pgf@path@lasty=\dimen132
)
("C:\Program Files\MiKTeX 2.9\tex\generic\pgf\basiclayer\pgfcorepathusage.code.
tex"
File: pgfcorepathusage.code.tex 2008/04/22  (rcs-revision 1.12)
\pgf@shorten@end@additional=\dimen133
\pgf@shorten@start@additional=\dimen134
)
("C:\Program Files\MiKTeX 2.9\tex\generic\pgf\basiclayer\pgfcorescopes.code.tex
"
File: pgfcorescopes.code.tex 2010/09/08  (rcs-revision 1.34)
\pgfpic=\box28
\pgf@hbox=\box29
\pgf@layerbox@main=\box30
\pgf@picture@serial@count=\count107
)
("C:\Program Files\MiKTeX 2.9\tex\generic\pgf\basiclayer\pgfcoregraphicstate.co
de.tex"
File: pgfcoregraphicstate.code.tex 2008/04/22  (rcs-revision 1.9)
\pgflinewidth=\dimen135
)
("C:\Program Files\MiKTeX 2.9\tex\generic\pgf\basiclayer\pgfcoretransformations
.code.tex"
File: pgfcoretransformations.code.tex 2009/06/10  (rcs-revision 1.11)
\pgf@pt@x=\dimen136
\pgf@pt@y=\dimen137
\pgf@pt@temp=\dimen138
)
("C:\Program Files\MiKTeX 2.9\tex\generic\pgf\basiclayer\pgfcorequick.code.tex"
File: pgfcorequick.code.tex 2008/10/09  (rcs-revision 1.3)
)
("C:\Program Files\MiKTeX 2.9\tex\generic\pgf\basiclayer\pgfcoreobjects.code.te
x"
File: pgfcoreobjects.code.tex 2006/10/11  (rcs-revision 1.2)
)
("C:\Program Files\MiKTeX 2.9\tex\generic\pgf\basiclayer\pgfcorepathprocessing.
code.tex"
File: pgfcorepathprocessing.code.tex 2008/10/09  (rcs-revision 1.8)
)
("C:\Program Files\MiKTeX 2.9\tex\generic\pgf\basiclayer\pgfcorearrows.code.tex
"
File: pgfcorearrows.code.tex 2008/04/23  (rcs-revision 1.11)
)
("C:\Program Files\MiKTeX 2.9\tex\generic\pgf\basiclayer\pgfcoreshade.code.tex"
File: pgfcoreshade.code.tex 2008/11/23  (rcs-revision 1.13)
\pgf@max=\dimen139
\pgf@sys@shading@range@num=\count108
) ("C:\Program Files\MiKTeX 2.9\tex\generic\pgf\basiclayer\pgfcoreimage.code.te
x"
File: pgfcoreimage.code.tex 2010/03/25  (rcs-revision 1.16)

("C:\Program Files\MiKTeX 2.9\tex\generic\pgf\basiclayer\pgfcoreexternal.code.t
ex"
File: pgfcoreexternal.code.tex 2010/09/01  (rcs-revision 1.17)
\pgfexternal@startupbox=\box31
))
("C:\Program Files\MiKTeX 2.9\tex\generic\pgf\basiclayer\pgfcorelayers.code.tex
"
File: pgfcorelayers.code.tex 2010/08/27  (rcs-revision 1.2)
)
("C:\Program Files\MiKTeX 2.9\tex\generic\pgf\basiclayer\pgfcoretransparency.co
de.tex"
File: pgfcoretransparency.code.tex 2008/01/17  (rcs-revision 1.2)
)
("C:\Program Files\MiKTeX 2.9\tex\generic\pgf\basiclayer\pgfcorepatterns.code.t
ex"
File: pgfcorepatterns.code.tex 2009/07/02  (rcs-revision 1.3)
)))
("C:\Program Files\MiKTeX 2.9\tex\generic\pgf\modules\pgfmoduleshapes.code.tex"
File: pgfmoduleshapes.code.tex 2010/09/09  (rcs-revision 1.13)
\pgfnodeparttextbox=\box32
) ("C:\Program Files\MiKTeX 2.9\tex\generic\pgf\modules\pgfmoduleplot.code.tex"
File: pgfmoduleplot.code.tex 2010/10/22  (rcs-revision 1.8)
)
("C:\Program Files\MiKTeX 2.9\tex\latex\pgf\compatibility\pgfcomp-version-0-65.
sty"
Package: pgfcomp-version-0-65 2007/07/03 v2.10 (rcs-revision 1.7)
\pgf@nodesepstart=\dimen140
\pgf@nodesepend=\dimen141
)
("C:\Program Files\MiKTeX 2.9\tex\latex\pgf\compatibility\pgfcomp-version-1-18.
sty"
Package: pgfcomp-version-1-18 2007/07/23 v2.10 (rcs-revision 1.1)
)) ("C:\Program Files\MiKTeX 2.9\tex\latex\pgf\utilities\pgffor.sty"
("C:\Program Files\MiKTeX 2.9\tex\latex\pgf\utilities\pgfkeys.sty"
("C:\Program Files\MiKTeX 2.9\tex\generic\pgf\utilities\pgfkeys.code.tex"))
("C:\Program Files\MiKTeX 2.9\tex\generic\pgf\utilities\pgffor.code.tex"
Package: pgffor 2010/03/23 v2.10 (rcs-revision 1.18)
\pgffor@iter=\dimen142
\pgffor@skip=\dimen143
\pgffor@stack=\toks24
\pgffor@toks=\toks25
))
("C:\Program Files\MiKTeX 2.9\tex\generic\pgf\frontendlayer\tikz\tikz.code.tex"
Package: tikz 2010/10/13 v2.10 (rcs-revision 1.76)

("C:\Program Files\MiKTeX 2.9\tex\generic\pgf\libraries\pgflibraryplothandlers.
code.tex"
File: pgflibraryplothandlers.code.tex 2010/05/31 v2.10 (rcs-revision 1.15)
\pgf@plot@mark@count=\count109
\pgfplotmarksize=\dimen144
)
\tikz@lastx=\dimen145
\tikz@lasty=\dimen146
\tikz@lastxsaved=\dimen147
\tikz@lastysaved=\dimen148
\tikzleveldistance=\dimen149
\tikzsiblingdistance=\dimen150
\tikz@figbox=\box33
\tikz@tempbox=\box34
\tikztreelevel=\count110
\tikznumberofchildren=\count111
\tikznumberofcurrentchild=\count112
\tikz@fig@count=\count113

("C:\Program Files\MiKTeX 2.9\tex\generic\pgf\modules\pgfmodulematrix.code.tex"
File: pgfmodulematrix.code.tex 2010/08/24  (rcs-revision 1.4)
\pgfmatrixcurrentrow=\count114
\pgfmatrixcurrentcolumn=\count115
\pgf@matrix@numberofcolumns=\count116
)
\tikz@expandcount=\count117

("C:\Program Files\MiKTeX 2.9\tex\generic\pgf\frontendlayer\tikz\libraries\tikz
librarytopaths.code.tex"
File: tikzlibrarytopaths.code.tex 2008/06/17 v2.10 (rcs-revision 1.2)
)))
("C:\Program Files\MiKTeX 2.9\tex\latex\float\float.sty"
Package: float 2001/11/08 v1.3d Float enhancements (AL)
\c@float@type=\count118
\float@exts=\toks26
\float@box=\box35
\@float@everytoks=\toks27
\@floatcapt=\box36
)
("C:\Program Files\MiKTeX 2.9\tex\latex\capt-of\capt-of.sty"
Package: capt-of 2009/12/29 v0.2 standard captions outside of floats
)
(D:\egPublStyle-EuroVis2014\survey.aux)
LaTeX Font Info:    Checking defaults for OML/cmm/m/it on input line 55.
LaTeX Font Info:    ... okay on input line 55.
LaTeX Font Info:    Checking defaults for T1/cmr/m/n on input line 55.
LaTeX Font Info:    ... okay on input line 55.
LaTeX Font Info:    Checking defaults for OT1/cmr/m/n on input line 55.
LaTeX Font Info:    ... okay on input line 55.
LaTeX Font Info:    Checking defaults for OMS/cmsy/m/n on input line 55.
LaTeX Font Info:    ... okay on input line 55.
LaTeX Font Info:    Checking defaults for OMX/cmex/m/n on input line 55.
LaTeX Font Info:    ... okay on input line 55.
LaTeX Font Info:    Checking defaults for U/cmr/m/n on input line 55.
LaTeX Font Info:    ... okay on input line 55.
LaTeX Font Info:    Checking defaults for PD1/pdf/m/n on input line 55.
LaTeX Font Info:    ... okay on input line 55.

("C:\Program Files\MiKTeX 2.9\tex\context\base\supp-pdf.mkii"
[Loading MPS to PDF converter (version 2006.09.02).]
\scratchcounter=\count119
\scratchdimen=\dimen151
\scratchbox=\box37
\nofMPsegments=\count120
\nofMParguments=\count121
\everyMPshowfont=\toks28
\MPscratchCnt=\count122
\MPscratchDim=\dimen152
\MPnumerator=\count123
\makeMPintoPDFobject=\count124
\everyMPtoPDFconversion=\toks29
)
\AtBeginShipoutBox=\box38


Package hyperref Warning: Height of page (\paperheight) is invalid (0.0pt),
(hyperref)                using 11in.

Package hyperref Info: Link coloring ON on input line 55.
("C:\Program Files\MiKTeX 2.9\tex\latex\hyperref\nameref.sty"
Package: nameref 2012/10/27 v2.43 Cross-referencing by name of section

("C:\Program Files\MiKTeX 2.9\tex\generic\oberdiek\gettitlestring.sty"
Package: gettitlestring 2010/12/03 v1.4 Cleanup title references (HO)
)
\c@section@level=\count125
)
LaTeX Info: Redefining \ref on input line 55.
LaTeX Info: Redefining \pageref on input line 55.
LaTeX Info: Redefining \nameref on input line 55.

ABD: EveryShipout initializing macros
LaTeX Font Info:    Font shape `T1/ptm/bx/n' in size <17.28> not available
(Font)              Font shape `T1/ptm/b/n' tried instead on input line 76.
LaTeX Font Info:    Try loading font information for OT1+ptmcm on input line 76
.

("C:\Program Files\MiKTeX 2.9\tex\latex\psnfss\ot1ptmcm.fd"
File: ot1ptmcm.fd 2000/01/03 Fontinst v1.801 font definitions for OT1/ptmcm.
)
LaTeX Font Info:    Try loading font information for OML+ptmcm on input line 76
.

("C:\Program Files\MiKTeX 2.9\tex\latex\psnfss\omlptmcm.fd"
File: omlptmcm.fd 2000/01/03 Fontinst v1.801 font definitions for OML/ptmcm.
)
LaTeX Font Info:    Try loading font information for OMX+psycm on input line 76
.

("C:\Program Files\MiKTeX 2.9\tex\latex\psnfss\omxpsycm.fd"
File: omxpsycm.fd 2000/01/03 Fontinst v1.801 font definitions for OMX/psycm.
)
LaTeX Font Info:    Try loading font information for OT1+ptm on input line 76.

("C:\Program Files\MiKTeX 2.9\tex\latex\psnfss\ot1ptm.fd"
File: ot1ptm.fd 2001/06/04 font definitions for OT1/ptm.
)
LaTeX Font Info:    Font shape `T1/ptm/bx/n' in size <9> not available
(Font)              Font shape `T1/ptm/b/n' tried instead on input line 77.
 [1{C:/ProgramData/MiKTeX/2.9/pdftex/config/pdftex.map}


]
Overfull \hbox (42.31581pt too wide) in paragraph at lines 113--131
 [][] 
 []


Underfull \hbox (badness 1460) in paragraph at lines 137--138
[]\T1/ptm/m/n/9 Scientific Vi-su-al-iza-tion vs In-for-ma-tion Vi-su-al-iza-tio
n:
 []

[2] <./images/VRVis-Wohlfart-Michael.png, id=125, 411.939pt x 344.487pt>
File: ./images/VRVis-Wohlfart-Michael.png Graphic file (type png)

<use ./images/VRVis-Wohlfart-Michael.png>
Package pdftex.def Info: ./images/VRVis-Wohlfart-Michael.png used on input line
 184.
(pdftex.def)             Requested size: 170.71652pt x 142.75969pt.

Underfull \vbox (badness 10000) has occurred while \output is active []

 [3pdfTeX warning (ext4): destination with the same identifier (name{table.1}) 
has been already used, duplicate ignored

\AtBegShi@Output ...ipout \box \AtBeginShipoutBox 
                                                  \fi \fi 
l.185 ...interactions are logged \cite{wohlfat}.}}
                                                  \label{fig:VRVis-Wohlfart-...
] <./images/wohlfart07storyTelling.png, id=177, 487.06969pt x 578.91281pt>
File: ./images/wohlfart07storyTelling.png Graphic file (type png)

<use ./images/wohlfart07storyTelling.png>
Package pdftex.def Info: ./images/wohlfart07storyTelling.png used on input line
 214.
(pdftex.def)             Requested size: 199.16928pt x 236.71977pt.
 [4pdfTeX warning (ext4): destination with the same identifier (name{figure.1})
 has been already used, duplicate ignored

\AtBegShi@Output ...ipout \box \AtBeginShipoutBox 
                                                  \fi \fi 
l.224 \item \textit
                   {The Concept:} This paper introduces concept of storytell...
pdfTeX warning (ext4): destination with the same identifier (name{figure.2}) ha
s been already used, duplicate ignored

\AtBegShi@Output ...ipout \box \AtBeginShipoutBox 
                                                  \fi \fi 
l.224 \item \textit
                   {The Concept:} This paper introduces concept of storytell...
 <D:/egPublStyle-EuroVis2014/images/VRVis-Wohlfart-Michael.png> <D:/egPublStyle
-EuroVis2014/images/wohlfart07storyTelling.png>]
Underfull \hbox (badness 1796) in paragraph at lines 247--248
[]\T1/ptm/m/n/9 Generative-storytelling char-ac-ter: Story is formed
 []

<./images/cruz2011.jpg, id=210, 660.21657pt x 625.58719pt>
File: ./images/cruz2011.jpg Graphic file (type jpg)

<use ./images/cruz2011.jpg>
Package pdftex.def Info: ./images/cruz2011.jpg used on input line 262.
(pdftex.def)             Requested size: 227.62204pt x 215.68463pt.

Overfull \hbox (11.62204pt too wide) in paragraph at lines 262--263
 [][] 
 []

Missing character: There is no â in font zptmcmr!
Missing character: There is no € in font zptmcmr!
Missing character: There is no ™ in font zptmcmr!
Missing character: There is no â in font zptmcmr!
Missing character: There is no € in font zptmcmr!
Missing character: There is no ™ in font zptmcmr!

Underfull \hbox (badness 1210) in paragraph at lines 275--276
[]\T1/ptm/m/n/9 Sourcecloud Flow View: Source-cloud Flow View
 []


Underfull \hbox (badness 10000) in paragraph at lines 281--282
[]\T1/ptm/m/it/9 Related Work: \T1/ptm/m/n/9 Ogawa [[][][]OM10[][], [][]OM09[][
]] pre-sented
 []


Underfull \hbox (badness 1968) in paragraph at lines 281--282
$\OT1/ptmcm/m/n/9 "$\T1/ptm/m/n/9 software evo-lu-tion storylines$\OT1/ptmcm/m/
n/9 "$ \T1/ptm/m/n/9 and $\OT1/ptmcm/m/n/9 "$\T1/ptm/m/n/9 Code Swarm$\OT1/ptmc
m/m/n/9 "$\T1/ptm/m/n/9 ,
 []


Underfull \hbox (badness 1253) in paragraph at lines 281--282
\T1/ptm/m/n/9 soft-ware his-tory. Code-book, a con-cept pre-sented by
 []

[5pdfTeX warning (ext4): destination with the same identifier (name{figure.3}) 
has been already used, duplicate ignored

\AtBegShi@Output ...ipout \box \AtBeginShipoutBox 
                                                  \fi \fi 
l.282 \item \textit
                   {In this paper, the following visualization techniques ar...
 <D:/egPublStyle-EuroVis2014/images/cruz2011.jpg>]
<./images/kuhn2012.png, id=255, 205.9695pt x 454.0965pt>
File: ./images/kuhn2012.png Graphic file (type png)

<use ./images/kuhn2012.png>
Package pdftex.def Info: ./images/kuhn2012.png used on input line 291.
(pdftex.def)             Requested size: 199.16928pt x 439.10114pt.

Underfull \vbox (badness 10000) has occurred while \output is active []


<./images/lee2013.jpg, id=263, 969.6225pt x 295.1025pt>
File: ./images/lee2013.jpg Graphic file (type jpg)

<use ./images/lee2013.jpg>
Package pdftex.def Info: ./images/lee2013.jpg used on input line 315.
(pdftex.def)             Requested size: 227.62204pt x 69.27254pt.

Overfull \hbox (11.62204pt too wide) in paragraph at lines 315--316
 [] 
 []

[6pdfTeX warning (ext4): destination with the same identifier (name{figure.4}) 
has been already used, duplicate ignored

\AtBegShi@Output ...ipout \box \AtBeginShipoutBox 
                                                  \fi \fi 
l.327 \item \textit
                   {GeoTime Components:}pdfTeX warning (ext4): destination with
 the same identifier (name{figure.5}) has been already used, duplicate ignored

\AtBegShi@Output ...ipout \box \AtBeginShipoutBox 
                                                  \fi \fi 
l.327 \item \textit
                   {GeoTime Components:} <D:/egPublStyle-EuroVis2014/images/kuh
n2012.png> <D:/egPublStyle-EuroVis2014/images/lee2013.jpg>]
<./images/eccles2007.png, id=293, 880.03781pt x 673.01437pt>
File: ./images/eccles2007.png Graphic file (type png)

<use ./images/eccles2007.png>
Package pdftex.def Info: ./images/eccles2007.png used on input line 343.
(pdftex.def)             Requested size: 227.62204pt x 174.0759pt.

Overfull \hbox (11.62204pt too wide) in paragraph at lines 343--344
 [][] 
 []


Underfull \vbox (badness 2012) has occurred while \output is active []


Underfull \hbox (badness 1354) in paragraph at lines 365--366
[]\T1/ptm/m/it/9 Related Work : \T1/ptm/m/n/9 This pa-per is based on a pre-vi-
ous
 []

<./images/Lidal12Geological.png, id=303, 872.50969pt x 542.025pt>
File: ./images/Lidal12Geological.png Graphic file (type png)

<use ./images/Lidal12Geological.png>
Package pdftex.def Info: ./images/Lidal12Geological.png used on input line 374.

(pdftex.def)             Requested size: 199.16928pt x 123.72855pt.
 [7pdfTeX warning (ext4): destination with the same identifier (name{figure.6})
 has been already used, duplicate ignored

\AtBegShi@Output ...ipout \box \AtBeginShipoutBox 
                                                  \fi \fi 
l.375 ...at story \cite{lidal} \cite{Lidal2013}.}}
                                                  \label{fig:Lidal12Geological}
 <D:/egPublStyle-EuroVis2014/images/eccles2007.png>]
Underfull \hbox (badness 6944) in paragraph at lines 379--381
[]\T1/ptm/b/n/9 Title: \T1/ptm/m/it/9 Geo-vi-sual An-a-lyt-ics and Sto-ry-telli
ng Us-ing
 []

<./images/lun2013.jpg, id=341, 655.69969pt x 368.87813pt>
File: ./images/lun2013.jpg Graphic file (type jpg)

<use ./images/lun2013.jpg>
Package pdftex.def Info: ./images/lun2013.jpg used on input line 400.
(pdftex.def)             Requested size: 199.16928pt x 112.04329pt.

Underfull \hbox (badness 1052) in paragraph at lines 410--412
[]\T1/ptm/b/n/9 Title: \T1/ptm/m/it/9 De-sign-ing Mul-ti-me-dia for Learn-ing: 
Nar-ra-tive
 []

[8pdfTeX warning (ext4): destination with the same identifier (name{figure.7}) 
has been already used, duplicate ignored

\AtBegShi@Output ...ipout \box \AtBeginShipoutBox 
                                                  \fi \fi 
l.416 
      pdfTeX warning (ext4): destination with the same identifier (name{figure.
8}) has been already used, duplicate ignored

\AtBegShi@Output ...ipout \box \AtBeginShipoutBox 
                                                  \fi \fi 
l.416 
       <D:/egPublStyle-EuroVis2014/images/Lidal12Geological.png> <D:/egPublStyl
e-EuroVis2014/images/lun2013.jpg>]
Underfull \hbox (badness 5331) in paragraph at lines 422--424
[]\T1/ptm/m/n/9 The resource-based ver-sion of-fers no guid-ance
 []


Underfull \hbox (badness 1248) in paragraph at lines 441--442
[]\T1/ptm/m/n/9 Pattern recog-ni-tion: This in-cludes in-ter-ac-tion fre-
 []


Underfull \hbox (badness 1248) in paragraph at lines 448--449
\T1/ptm/m/n/9 can be ei-ther di-rectly be-tween cor-re-spon-dents or
 []

<./images/viegas2004.png, id=382, 599.99156pt x 485.56406pt>
File: ./images/viegas2004.png Graphic file (type png)

<use ./images/viegas2004.png>
Package pdftex.def Info: ./images/viegas2004.png used on input line 461.
(pdftex.def)             Requested size: 227.62204pt x 184.21248pt.

Overfull \hbox (11.62204pt too wide) in paragraph at lines 461--462
 [] 
 []


Underfull \vbox (badness 10000) has occurred while \output is active []

 [9]
Underfull \hbox (badness 2426) in paragraph at lines 469--472
[]\T1/ptm/m/it/9 Definition: \T1/ptm/m/n/9 In-for-ma-tion vi-su-al-iza-tion sys
-tems en-able
 []


Underfull \hbox (badness 10000) in paragraph at lines 473--476
[]\T1/ptm/m/it/9 Narrative nav-i-ga-tor frame-work(NANA) \T1/ptm/m/n/9 Akaishi
 []


Underfull \hbox (badness 10000) in paragraph at lines 473--476
\T1/ptm/m/n/9 et al. mao each nar-ra-tive com-po-nent(world
 []


Underfull \hbox (badness 10000) in paragraph at lines 473--476
\T1/ptm/m/n/9 model,story,scene,event,character onto el-e-ments of
 []


Underfull \vbox (badness 3826) has occurred while \output is active []


<./images/akashi.jpg, id=416, 557.83406pt x 358.33875pt>
File: ./images/akashi.jpg Graphic file (type jpg)

<use ./images/akashi.jpg>
Package pdftex.def Info: ./images/akashi.jpg used on input line 489.
(pdftex.def)             Requested size: 227.62204pt x 146.2145pt.

Overfull \hbox (11.62204pt too wide) in paragraph at lines 489--490
 [][] 
 []

[10pdfTeX warning (ext4): destination with the same identifier (name{figure.9})
 has been already used, duplicate ignored

\AtBegShi@Output ...ipout \box \AtBeginShipoutBox 
                                                  \fi \fi 
l.501 \item S
             ystem design: This includes data acquisition, temporal visualiz...
pdfTeX warning (ext4): destination with the same identifier (name{figure.10}) h
as been already used, duplicate ignored

\AtBegShi@Output ...ipout \box \AtBeginShipoutBox 
                                                  \fi \fi 
l.501 \item S
             ystem design: This includes data acquisition, temporal visualiz...
 <D:/egPublStyle-EuroVis2014/images/viegas2004.png> <D:/egPublStyle-EuroVis2014
/images/akashi.jpg>] <./images/fisher.jpg, id=447, 492.33937pt x 227.34938pt>
File: ./images/fisher.jpg Graphic file (type jpg)

<use ./images/fisher.jpg>
Package pdftex.def Info: ./images/fisher.jpg used on input line 512.
(pdftex.def)             Requested size: 199.16928pt x 91.97191pt.

Underfull \hbox (badness 3746) in paragraph at lines 526--527
[]\T1/ptm/m/n/9 Afghanistan nation-building de-vel-op-ment project:
 []


Underfull \hbox (badness 1803) in paragraph at lines 526--527
\T1/ptm/m/n/9 de-tails on-demand slid-ers that present the sta-tus
 []


Underfull \hbox (badness 4686) in paragraph at lines 528--529
[]\T1/ptm/m/n/9 Minnesota Em-ploy-ment Ex-plorer: This ex-am-ple
 []

<./images/segelheer.png, id=459, 1970.86313pt x 855.94781pt>
File: ./images/segelheer.png Graphic file (type png)

<use ./images/segelheer.png>
Package pdftex.def Info: ./images/segelheer.png used on input line 541.
(pdftex.def)             Requested size: 227.62204pt x 98.8564pt.

Overfull \hbox (11.62204pt too wide) in paragraph at lines 541--542
 [][] 
 []


Underfull \vbox (badness 10000) has occurred while \output is active []

 [11pdfTeX warning (ext4): destination with the same identifier (name{figure.11
}) has been already used, duplicate ignored

\AtBegShi@Output ...ipout \box \AtBeginShipoutBox 
                                                  \fi \fi 
l.542 ...ractivity with the reader \cite{segal}.}}
                                                   <D:/egPublStyle-EuroVis2014/
images/fisher.jpg>]
Underfull \hbox (badness 10000) in paragraph at lines 561--562
[]\T1/ptm/m/n/9 line charts, maps, ge-o-graphic in-for-ma-tion
 []

<./images/vis_rhetoric.png, id=500, 709.14937pt x 1193.96063pt>
File: ./images/vis_rhetoric.png Graphic file (type png)

<use ./images/vis_rhetoric.png>
Package pdftex.def Info: ./images/vis_rhetoric.png used on input line 569.
(pdftex.def)             Requested size: 227.62204pt x 383.22296pt.

Overfull \hbox (11.62204pt too wide) in paragraph at lines 569--570
 [][] 
 []


Underfull \vbox (badness 10000) has occurred while \output is active []

 [12pdfTeX warning (ext4): destination with the same identifier (name{figure.12
}) has been already used, duplicate ignored

\AtBegShi@Output ...ipout \box \AtBeginShipoutBox 
                                                  \fi \fi 
l.570 ...stent shapes and colors \cite{hullman}.}}
                                                  \label{fig:vis_rhetoric} <D:/
egPublStyle-EuroVis2014/images/segelheer.png>]
Underfull \hbox (badness 10000) in paragraph at lines 587--588
[]\T1/ptm/m/n/9 Time-series graph, line chart, bar chart, his-
 []

<./images/hullman2013.jpg, id=528, 529.22719pt x 331.2375pt>
File: ./images/hullman2013.jpg Graphic file (type jpg)

<use ./images/hullman2013.jpg>
Package pdftex.def Info: ./images/hullman2013.jpg used on input line 594.
(pdftex.def)             Requested size: 227.62204pt x 142.46472pt.

Overfull \hbox (11.62204pt too wide) in paragraph at lines 594--595
 [][] 
 []

[13pdfTeX warning (ext4): destination with the same identifier (name{figure.13}
) has been already used, duplicate ignored

\AtBegShi@Output ...ipout \box \AtBeginShipoutBox 
                                                  \fi \fi 
l.607 \item A
             lgorithm: They propose a graph-driven approach for finding effe...
pdfTeX warning (ext4): destination with the same identifier (name{figure.14}) h
as been already used, duplicate ignored

\AtBegShi@Output ...ipout \box \AtBeginShipoutBox 
                                                  \fi \fi 
l.607 \item A
             lgorithm: They propose a graph-driven approach for finding effe...
 <D:/egPublStyle-EuroVis2014/images/vis_rhetoric.png> <D:/egPublStyle-EuroVis20
14/images/hullman2013.jpg>]
Underfull \hbox (badness 1635) in paragraph at lines 608--609
\T1/ptm/m/n/9 lo-cal tran-si-tion costs to de-ter-mine the best path
 []

<./images/hullman2013deeper.jpg, id=558, 591.71063pt x 387.69844pt>
File: ./images/hullman2013deeper.jpg Graphic file (type jpg)

<use ./images/hullman2013deeper.jpg>
Package pdftex.def Info: ./images/hullman2013deeper.jpg used on input line 620.

(pdftex.def)             Requested size: 227.62204pt x 149.14308pt.

Overfull \hbox (11.62204pt too wide) in paragraph at lines 620--621
 [][] 
 []

<./images/figueiras14narrative.png, id=574, 1080.28593pt x 722.7pt>
File: ./images/figueiras14narrative.png Graphic file (type png)

<use ./images/figueiras14narrative.png>
Package pdftex.def Info: ./images/figueiras14narrative.png used on input line 6
58.
(pdftex.def)             Requested size: 199.16928pt x 133.23424pt.

Underfull \vbox (badness 10000) has occurred while \output is active []

 [14pdfTeX warning (ext4): destination with the same identifier (name{figure.15
}) has been already used, duplicate ignored

\AtBegShi@Output ...ipout \box \AtBeginShipoutBox 
                                                  \fi \fi 
l.659 ...esponse from the user \cite{figueiras}.}}
                                                   <D:/egPublStyle-EuroVis2014/
images/hullman2013deeper.jpg>]
Underfull \hbox (badness 2635) in paragraph at lines 676--677
[]\T1/ptm/m/n/9 Map, Poster, Pho-tog-ra-phy, Tag Cloud, Draw-ing,
 []

<./images/fig2014.jpg, id=610, 880.79062pt x 395.97937pt>
File: ./images/fig2014.jpg Graphic file (type jpg)

<use ./images/fig2014.jpg>
Package pdftex.def Info: ./images/fig2014.jpg used on input line 683.
(pdftex.def)             Requested size: 227.62204pt x 102.32986pt.

Overfull \hbox (11.62204pt too wide) in paragraph at lines 683--684
 [][] 
 []


Underfull \vbox (badness 4518) has occurred while \output is active []

 [15pdfTeX warning (ext4): destination with the same identifier (name{figure.16
}) has been already used, duplicate ignored

\AtBegShi@Output ...ipout \box \AtBeginShipoutBox 
                                                  \fi \fi 
l.704 \item A
             lternative multi-dimensional trend visualization: A trace visua...
pdfTeX warning (ext4): destination with the same identifier (name{figure.17}) h
as been already used, duplicate ignored

\AtBegShi@Output ...ipout \box \AtBeginShipoutBox 
                                                  \fi \fi 
l.704 \item A
             lternative multi-dimensional trend visualization: A trace visua...
 <D:/egPublStyle-EuroVis2014/images/figueiras14narrative.png> <D:/egPublStyle-E
uroVis2014/images/fig2014.jpg>]
<./images/Robertson.png, id=648, 1044.90375pt x 793.46437pt>
File: ./images/Robertson.png Graphic file (type png)

<use ./images/Robertson.png>
Package pdftex.def Info: ./images/Robertson.png used on input line 717.
(pdftex.def)             Requested size: 199.16928pt x 151.23198pt.

<./images/Tanahashi2012.png, id=658, 1169.87062pt x 432.11438pt>
File: ./images/Tanahashi2012.png Graphic file (type png)

<use ./images/Tanahashi2012.png>
Package pdftex.def Info: ./images/Tanahashi2012.png used on input line 744.
(pdftex.def)             Requested size: 227.62204pt x 84.07404pt.

Overfull \hbox (11.62204pt too wide) in paragraph at lines 744--745
 [][] 
 []


Underfull \hbox (badness 1776) in paragraph at lines 752--753
[]\T1/ptm/m/it/9 Definition: \T1/ptm/m/n/9 Sto-ry-line vi-su-al-iza-tions, aim 
to il-lus-trate
 []


Underfull \hbox (badness 1484) in paragraph at lines 756--757
\T1/ptm/m/n/9 re-la-tion-ship tree gen-er-a-tion, ses-sion/line or-der-ing,
 []

[16pdfTeX warning (ext4): destination with the same identifier (name{figure.18}
) has been already used, duplicate ignored

\AtBegShi@Output ...ipout \box \AtBeginShipoutBox 
                                                  \fi \fi 
l.757 \end{enumerate}
                     pdfTeX warning (ext4): destination with the same identifie
r (name{figure.19}) has been already used, duplicate ignored

\AtBegShi@Output ...ipout \box \AtBeginShipoutBox 
                                                  \fi \fi 
l.757 \end{enumerate}
                      <D:/egPublStyle-EuroVis2014/images/Robertson.png> <D:/egP
ublStyle-EuroVis2014/images/Tanahashi2012.png>]
<./images/Liu2013Story.png, id=699, 1342.2647pt x 584.1825pt>
File: ./images/Liu2013Story.png Graphic file (type png)

<use ./images/Liu2013Story.png>
Package pdftex.def Info: ./images/Liu2013Story.png used on input line 770.
(pdftex.def)             Requested size: 199.16928pt x 86.67871pt.

<./images/ferreira2013.png, id=709, 370.38374pt x 351.714pt>
File: ./images/ferreira2013.png Graphic file (type png)

<use ./images/ferreira2013.png>
Package pdftex.def Info: ./images/ferreira2013.png used on input line 797.
(pdftex.def)             Requested size: 199.16928pt x 189.13382pt.
 [17pdfTeX warning (ext4): destination with the same identifier (name{figure.20
}) has been already used, duplicate ignored

\AtBegShi@Output ...ipout \box \AtBeginShipoutBox 
                                                  \fi \fi 
l.809 \item d
             ecision making accuracy, time, ease of use, and enjoyability in...
pdfTeX warning (ext4): destination with the same identifier (name{figure.21}) h
as been already used, duplicate ignored

\AtBegShi@Output ...ipout \box \AtBeginShipoutBox 
                                                  \fi \fi 
l.809 \item d
             ecision making accuracy, time, ease of use, and enjoyability in...
 <D:/egPublStyle-EuroVis2014/images/Liu2013Story.png> <D:/egPublStyle-EuroVis20
14/images/ferreira2013.png>]
Underfull \hbox (badness 1776) in paragraph at lines 825--826
[]\T1/ptm/m/it/9 The Con-cept: \T1/ptm/m/n/9 This pa-per in-tro-duces an-i-ma-t
ion tool
 []


Underfull \hbox (badness 1163) in paragraph at lines 844--845
[]\T1/ptm/m/n/9 illustrative vol-ume ren-der-ing, static and an-i-mated
 []

<./images/AniVis.png, id=757, 381.67593pt x 289.83281pt>
File: ./images/AniVis.png Graphic file (type png)

<use ./images/AniVis.png>
Package pdftex.def Info: ./images/AniVis.png used on input line 852.
(pdftex.def)             Requested size: 227.62204pt x 172.84846pt.

Overfull \hbox (11.62204pt too wide) in paragraph at lines 852--853
 [][] 
 []


Underfull \vbox (badness 3209) has occurred while \output is active []

 [18pdfTeX warning (ext4): destination with the same identifier (name{figure.22
}) has been already used, duplicate ignored

\AtBegShi@Output ...ipout \box \AtBeginShipoutBox 
                                                  \fi \fi 
l.853 ...s revealed (middle image) \cite{Akiba}.}}
                                                  \label{fig:AniVis} <D:/egPubl
Style-EuroVis2014/images/AniVis.png>]
Underfull \hbox (badness 1297) in paragraph at lines 863--864
\T1/ptm/m/n/9 from sin-gle in-between frame to sev-eral in-between
 []

<./images/bederson99does.png, id=793, 446.26724pt x 325.215pt>
File: ./images/bederson99does.png Graphic file (type png)

<use ./images/bederson99does.png>
Package pdftex.def Info: ./images/bederson99does.png used on input line 875.
(pdftex.def)             Requested size: 199.16928pt x 145.13954pt.

Underfull \hbox (badness 1314) in paragraph at lines 889--890
[]\T1/ptm/m/n/9 Statistically sig-nif-i-cant dif-fer-ences in user pref-er-
 []

<./images/AnimatedTransitions.png, id=799, 1073.51062pt x 300.3722pt>
File: ./images/AnimatedTransitions.png Graphic file (type png)

<use ./images/AnimatedTransitions.png>
Package pdftex.def Info: ./images/AnimatedTransitions.png used on input line 90
1.
(pdftex.def)             Requested size: 227.62204pt x 63.68959pt.

Overfull \hbox (11.62204pt too wide) in paragraph at lines 901--902
 [][] 
 []


Underfull \vbox (badness 2653) has occurred while \output is active []

 [19pdfTeX warning (ext4): destination with the same identifier (name{figure.23
}) has been already used, duplicate ignored

\AtBegShi@Output ...ipout \box \AtBeginShipoutBox 
                                                  \fi \fi 
l.910 
      pdfTeX warning (ext4): destination with the same identifier (name{figure.
24}) has been already used, duplicate ignored

\AtBegShi@Output ...ipout \box \AtBeginShipoutBox 
                                                  \fi \fi 
l.910 
       <D:/egPublStyle-EuroVis2014/images/bederson99does.png> <D:/egPublStyle-E
uroVis2014/images/AnimatedTransitions.png>]
Underfull \hbox (badness 2495) in paragraph at lines 917--918
[]\T1/ptm/m/n/9 Visualization tax-on-omy: The tax-on-omy clas-si-fies
 []

<./images/Bateman2010Effects.png, id=842, 420.06938pt x 637.63219pt>
File: ./images/Bateman2010Effects.png Graphic file (type png)

<use ./images/Bateman2010Effects.png>
Package pdftex.def Info: ./images/Bateman2010Effects.png used on input line 948
.
(pdftex.def)             Requested size: 199.16928pt x 302.32385pt.

Underfull \vbox (badness 10000) has occurred while \output is active []

 [20]
<./images/saket2015.jpg, id=877, 379.4175pt x 423.08063pt>
File: ./images/saket2015.jpg Graphic file (type jpg)

<use ./images/saket2015.jpg>
Package pdftex.def Info: ./images/saket2015.jpg used on input line 973.
(pdftex.def)             Requested size: 170.71652pt x 190.36514pt.
 [21pdfTeX warning (ext4): destination with the same identifier (name{figure.25
}) has been already used, duplicate ignored

\AtBegShi@Output ...ipout \box \AtBeginShipoutBox 
                                                  \fi \fi 
l.990 \item V
             isualization at a Science Museum: The science museum presents v...
pdfTeX warning (ext4): destination with the same identifier (name{figure.26}) h
as been already used, duplicate ignored

\AtBegShi@Output ...ipout \box \AtBeginShipoutBox 
                                                  \fi \fi 
l.990 \item V
             isualization at a Science Museum: The science museum presents v...
 <D:/egPublStyle-EuroVis2014/images/Bateman2010Effects.png> <D:/egPublStyle-Eur
oVis2014/images/saket2015.jpg>]
Underfull \hbox (badness 1365) in paragraph at lines 990--991
\T1/ptm/m/n/9 mu-se-ums pro-vide more in-ter-pre-ta-tion through la-
 []


Underfull \hbox (badness 1137) in paragraph at lines 991--992
[]\T1/ptm/m/n/9 Storytelling us-ing in-ter-ac-tive Vi-su-al-iza-tion: Sto-ry-
 []


<./images/Scientific_Storytelling_CGA.png, id=909, 663.22781pt x 1018.55531pt>
File: ./images/Scientific_Storytelling_CGA.png Graphic file (type png)

<use ./images/Scientific_Storytelling_CGA.png>
Package pdftex.def Info: ./images/Scientific_Storytelling_CGA.png used on input
 line 1004.
(pdftex.def)             Requested size: 227.62204pt x 349.56802pt.

Overfull \hbox (11.62204pt too wide) in paragraph at lines 1004--1005
 [][] 
 []


Underfull \vbox (badness 10000) has occurred while \output is active []

 [22pdfTeX warning (ext4): destination with the same identifier (name{figure.27
}) has been already used, duplicate ignored

\AtBegShi@Output ...ipout \box \AtBeginShipoutBox 
                                                  \fi \fi 
l.1018 \item N
              ew York Times, Copenhagen: \textit{The New York Times} visuali...
 <D:/egPublStyle-EuroVis2014/images/Scientific_Storytelling_CGA.png>]
<./images/StorytellingTheNextStepForVisualisation.png, id=936, 1434.86063pt x 6
94.84593pt>
File: ./images/StorytellingTheNextStepForVisualisation.png Graphic file (type p
ng)
 <use ./images/StorytellingTheNextStepForVisualisation.png>
Package pdftex.def Info: ./images/StorytellingTheNextStepForVisualisation.png u
sed on input line 1033.
(pdftex.def)             Requested size: 199.16928pt x 96.44017pt.

Underfull \vbox (badness 10000) has occurred while \output is active []


Underfull \hbox (badness 1127) in paragraph at lines 1051--1052
[]\T1/ptm/m/it/9 Definition: \T1/ptm/m/n/9 Sto-ries are se-quences of causally 
re-lated
 []

[23pdfTeX warning (ext4): destination with the same identifier (name{figure.28}
) has been already used, duplicate ignored

\AtBegShi@Output ...ipout \box \AtBeginShipoutBox 
                                                  \fi \fi 
l.1064 \end{enumerate}
                       <D:/egPublStyle-EuroVis2014/images/StorytellingTheNextSt
epForVisualisation.png>]
<./images/chu2015.jpg, id=977, 515.67656pt x 233.37187pt>
File: ./images/chu2015.jpg Graphic file (type jpg)

<use ./images/chu2015.jpg>
Package pdftex.def Info: ./images/chu2015.jpg used on input line 1069.
(pdftex.def)             Requested size: 227.62204pt x 103.01154pt.

Overfull \hbox (11.62204pt too wide) in paragraph at lines 1069--1070
 [][] 
 []

(D:\egPublStyle-EuroVis2014\survey.bbl (D:\egPublStyle-EuroVis2014\survey.brf)
\tf@brf=\write4

Underfull \hbox (badness 1803) in paragraph at lines 14--14
[]\T1/ptm/m/sc/8 Akiba H., Wang C., Ma K.-L.\T1/ptm/m/n/8 :  Aniviz: A
 []


Underfull \hbox (badness 2591) in paragraph at lines 60--60
[]\T1/ptm/m/sc/8 Bond B.\T1/ptm/m/n/8 :  Steroids or Not, the Pur-suit is On.
 []


Underfull \hbox (badness 10000) in paragraph at lines 60--60
[][]$\T1/pcr/m/n/8 http : / / www . nytimes . com / 2006 / 04 / 02 / sports /$
 []


Underfull \hbox (badness 1400) in paragraph at lines 75--75
[]\T1/ptm/m/sc/8 Borkin M., Vo A., Bylin-skii Z., Isola P.,
 []


Underfull \hbox (badness 10000) in paragraph at lines 94--94
[]\T1/ptm/m/sc/8 Cox. A.\T1/ptm/m/n/8 :  Bud-get Fore-casts VS.
 []


Underfull \hbox (badness 10000) in paragraph at lines 94--94
\T1/ptm/m/n/8 Re-al-ity.  [][]$\T1/pcr/m/n/8 http : / / www . nytimes . com /$
 []


Underfull \hbox (badness 10000) in paragraph at lines 94--94
$\T1/pcr/m/n/8 interactive / 2010 / 02 / 02 / us / politics /$
 []


Underfull \hbox (badness 10000) in paragraph at lines 94--94
$\T1/pcr/m/n/8 20100201-[]budget-[]porcupine-[]graphic . html$[][]\T1/ptm/m/n/8
 ,
 []

[24pdfTeX warning (ext4): destination with the same identifier (name{figure.29}
) has been already used, duplicate ignored

\AtBegShi@Output ...ipout \box \AtBeginShipoutBox 
                                                  \fi \fi 
l.107 
       <D:/egPublStyle-EuroVis2014/images/chu2015.jpg>]
Underfull \hbox (badness 10000) in paragraph at lines 133--133
[]\T1/ptm/m/sc/8 Dictionary O. E.\T1/ptm/m/n/8 :.  [][]$\T1/pcr/m/n/8 http : / 
/ www .$
 []


Underfull \hbox (badness 10000) in paragraph at lines 133--133
$\T1/pcr/m/n/8 oxforddictionaries . com / definition / english /$
 []


Underfull \hbox (badness 10000) in paragraph at lines 138--138
[]\T1/ptm/m/sc/8 Dictionary O. E.\T1/ptm/m/n/8 :.  [][]$\T1/pcr/m/n/8 http : / 
/ www .$
 []


Underfull \hbox (badness 10000) in paragraph at lines 138--138
$\T1/pcr/m/n/8 oxforddictionaries . com / definition / english /$
 []


Underfull \hbox (badness 10000) in paragraph at lines 142--142
[]\T1/ptm/m/sc/8 Dictionary O. E.\T1/ptm/m/n/8 :.  [][]$\T1/pcr/m/n/8 http : / 
/ www .$
 []


Underfull \hbox (badness 10000) in paragraph at lines 142--142
$\T1/pcr/m/n/8 oxforddictionaries . com / definition / english /$
 []


Underfull \hbox (badness 10000) in paragraph at lines 160--160
[]\T1/ptm/m/sc/8 D.McCandless\T1/ptm/m/n/8 :  Poll Danc-ing: How Ac-
 []


Underfull \hbox (badness 10000) in paragraph at lines 160--160
\T1/ptm/m/n/8 cu-rate are Poll Pre-dic-tions.  [][]$\T1/pcr/m/n/8 http : / / ww
w .$
 []


Underfull \hbox (badness 10000) in paragraph at lines 160--160
$\T1/pcr/m/n/8 guardian . co . uk / news / datablog / 2010 / may /$
 []


Underfull \hbox (badness 10000) in paragraph at lines 160--160
$\T1/pcr/m/n/8 06 / general-[]election-[]2010-[]opinion-[]polls _$
 []


Underfull \hbox (badness 10000) in paragraph at lines 212--212
[]\T1/ptm/m/sc/8 Gapminder\T1/ptm/m/n/8 :  Hu-man De-vel-op-ment Trends,
 []


Underfull \hbox (badness 10000) in paragraph at lines 212--212
\T1/ptm/m/n/8 2005.  [][]$\T1/pcr/m/n/8 http : / / www . gapminder . org / down
loads /$
 []


Underfull \hbox (badness 4060) in paragraph at lines 253--253
[]\T1/ptm/m/sc/8 Hullman J., Di-akopou-los N.\T1/ptm/m/n/8 :  Vi-su-al-iza-tion

 []

[25]
Underfull \hbox (badness 7116) in paragraph at lines 309--309
\T1/ptm/m/n/8 Ex-plorer.  [][]$\T1/pcr/m/n/8 http : / / minnesota . publicradio
 . org /$
 []


Underfull \hbox (badness 4316) in paragraph at lines 389--389
[]\T1/ptm/m/sc/8 M. Green H. War-rell S. T. S. B., For-
 []


Underfull \hbox (badness 10000) in paragraph at lines 389--389
\T1/ptm/m/sc/8 men-tini M.\T1/ptm/m/n/8 :  Afghanistan: Be-hind the Front Line.

 []


Underfull \hbox (badness 10000) in paragraph at lines 389--389
[][]$\T1/pcr/m/n/8 http : / / www . gapminder . org / downloads /$
 []


Underfull \hbox (badness 1616) in paragraph at lines 394--394
[]\T1/ptm/m/sc/8 Ma K.-L., Liao I., Fra-zier J., Hauser H.,
 []


Underfull \hbox (badness 3930) in paragraph at lines 404--404
\T1/ptm/m/n/8 2009.  [][]$\T1/pcr/m/n/8 https : / / graphics . stanford . edu /
 wikis /$
 []


Underfull \hbox (badness 10000) in paragraph at lines 427--427
[]\T1/ptm/m/sc/8 Reference D.\T1/ptm/m/n/8 :.  [][]$\T1/pcr/m/n/8 http : / / di
ctionary .$
 []


Underfull \hbox (badness 10000) in paragraph at lines 431--431
[]\T1/ptm/m/sc/8 Reference D.\T1/ptm/m/n/8 :.  [][]$\T1/pcr/m/n/8 http : / / ww
w .$
 []


Underfull \hbox (badness 10000) in paragraph at lines 451--451
[]\T1/ptm/m/sc/8 Rosling H.\T1/ptm/m/n/8 :  TED 2006.  [][]$\T1/pcr/m/n/8 http 
:$
 []


Underfull \hbox (badness 10000) in paragraph at lines 451--451
$\T1/pcr/m/n/8 / / www . gapminder . org / video / talks /$
 []


Overfull \hbox (22.85008pt too wide) in paragraph at lines 451--451
$\T1/pcr/m/n/8 ted-[]2006-[]-[]debunking-[]myth-[]about-[]the-[]third-[]world .
$
 []


Underfull \hbox (badness 10000) in paragraph at lines 458--458
[]\T1/ptm/m/sc/8 Rosling H.\T1/ptm/m/n/8 :  TED 2007.  [][]$\T1/pcr/m/n/8 http 
:$
 []


Underfull \hbox (badness 10000) in paragraph at lines 458--458
$\T1/pcr/m/n/8 / / www . gapminder . org / video / talks /$
 []


Overfull \hbox (22.35008pt too wide) in paragraph at lines 458--458
$\T1/pcr/m/n/8 ted-[]2007-[]-[]the-[]seemingly-[]impossible-[]is-[]possible .$
 []


Underfull \hbox (badness 10000) in paragraph at lines 474--474
[]\T1/ptm/m/sc/8 science mis-sions N.\T1/ptm/m/n/8 :.
 []


Underfull \hbox (badness 10000) in paragraph at lines 489--489
[]\T1/ptm/m/sc/8 scientific vi-su-al-iza-tion stu-dio N.\T1/ptm/m/n/8 :.
 []


Underfull \hbox (badness 10000) in paragraph at lines 494--494
[][]$\T1/pcr/m/n/8 www . research . ibm . com / knowsoc / project _ index .$
 []

[26]
Underfull \hbox (badness 10000) in paragraph at lines 517--517
[]\T1/ptm/m/sc/8 Tiede U., von Sternberg-Gospos N.,
 []


Underfull \hbox (badness 2189) in paragraph at lines 563--563
[]\T1/ptm/m/sc/8 Zipes J.\T1/ptm/m/n/8 :  \T1/ptm/m/it/8 Cre-ative sto-ry-telli
ng: Build-ing com-mu-
 []

)
Package atveryend Info: Empty hook `BeforeClearDocument' on input line 1080.
 [27

]
Package atveryend Info: Empty hook `AfterLastShipout' on input line 1080.
 (D:\egPublStyle-EuroVis2014\survey.aux)
Package atveryend Info: Executing hook `AtVeryEndDocument' on input line 1080.
Package atveryend Info: Executing hook `AtEndAfterFileList' on input line 1080.

Package rerunfilecheck Info: File `survey.brf' has not changed.
(rerunfilecheck)             Checksum: E30209E43B5A6615889D1D02AA1ABBDA;11395.
Package atveryend Info: Empty hook `AtVeryVeryEnd' on input line 1080.
 ) 
Here is how much of TeX's memory you used:
 14946 strings out of 493921
 262624 string characters out of 3147290
 346712 words of memory out of 3000000
 17426 multiletter control sequences out of 15000+200000
 49735 words of font info for 72 fonts, out of 3000000 for 9000
 841 hyphenation exceptions out of 8191
 56i,12n,55p,1134b,474s stack positions out of 5000i,500n,10000p,200000b,50000s
{C:/Program Files/MiKTeX 2.9/fonts/enc/dvips/fontname/8r.enc}<C:/Program File
s/MiKTeX 2.9/fonts/type1/public/amsfonts/cm/cmsy6.pfb><C:/Program Files/MiKTeX 
2.9/fonts/type1/public/amsfonts/cm/cmsy7.pfb><C:/Program Files/MiKTeX 2.9/fonts
/type1/public/amsfonts/cm/cmsy9.pfb><C:/Program Files/MiKTeX 2.9/fonts/type1/ur
w/courier/ucrr8a.pfb><C:/Program Files/MiKTeX 2.9/fonts/type1/urw/times/utmb8a.
pfb><C:/Program Files/MiKTeX 2.9/fonts/type1/urw/times/utmr8a.pfb><C:/Program F
iles/MiKTeX 2.9/fonts/type1/urw/times/utmri8a.pfb>
Output written on survey.pdf (27 pages, 11417883 bytes).
PDF statistics:
 1364 PDF objects out of 1440 (max. 8388607)
 513 named destinations out of 1000 (max. 500000)
 158 words of extra memory for PDF output out of 10000 (max. 10000000)

